Checking if remote manifest is accessible...
Getting manifests from remote server...

Processing super-manifest https://github.com/cypresssemiconductorco/mtb-super-manifest/raw/v2.X/mtb-super-manifest-fv2.xml...
Successfully acquired the information.

Summary: 

BSP: CY8CPROTO-062-4343W
Template Application(s): Hello World
Application(s) Root Path: C:/Users/20002890/FreeRTOS_HelloWorld

Press "Create" to create the selected application(s).
Collecting application data...


Info: The following entered on the command line will create the exact same project as that created with the GUI tool:
C:/Users/20002890/ModusToolbox/tools_2.4/project-creator/project-creator-cli.exe --board-id CY8CPROTO-062-4343W --board-uri https://github.com/cypresssemiconductorco/TARGET_CY8CPROTO-062-4343W --board-commit latest-v3.X --app-id mtb-example-hal-hello-world --app-uri https://github.com/Infineon/mtb-example-hal-hello-world --app-commit latest-v3.X --cypress-tools C:/Users/20002890/ModusToolbox/tools_2.4 --target-dir C:/Users/20002890/FreeRTOS_HelloWorld --user-app-name FreeRTOS_HelloWorld --output-for-machine --use-modus-shell


==============================================================================
= Cloning 'mtb-example-hal-hello-world' =
==============================================================================
Cloning https://github.com/Infineon/mtb-example-hal-hello-world into C:/Users/20002890/FreeRTOS_HelloWorld directory...
env git clone --progress --origin cypress https://github.com/Infineon/mtb-example-hal-hello-world FreeRTOS_HelloWorld
Cloning into 'FreeRTOS_HelloWorld'...
remote: Enumerating objects: 67, done.        
remote: Counting objects: 100% (11/11), done.        
remote: Compressing objects: 100% (10/10), done.        
remote: Total 67 (delta 0), reused 7 (delta 0), pack-reused 56        
Receiving objects: 100% (67/67), 229.84 KiB | 9.99 MiB/s, done.
Resolving deltas: 100% (21/21), done.

Checking out latest-v3.X...
env git checkout --progress latest-v3.X
Note: switching to 'latest-v3.X'.

You are in 'detached HEAD' state. You can look around, make experimental
changes and commit them, and you can discard any commits you make in this
state without impacting any branches by switching back to a branch.

If you want to create a new branch to retain commits you create, you may
do so (now or later) by using -c with the switch command. Example:

  git switch -c <new-branch-name>

Or undo this operation with:

  git switch -

Turn off this advice by setting config variable advice.detachedHead to false

HEAD is now at a1d784d Upload mtb-example-psoc6-hello-world 3.0.0.905

==============================================================================
= Creating "TARGET_CY8CPROTO-062-4343W.mtb" file(s) =
==============================================================================
C:/Users/20002890/FreeRTOS_HelloWorld/FreeRTOS_HelloWorld/deps/TARGET_CY8CPROTO-062-4343W.mtb was updated

==============================================================================
= Updating Makefile for "FreeRTOS_HelloWorld" =
==============================================================================

==============================================================================
= Applying the Latest Version Locking for "FreeRTOS_HelloWorld" =
==============================================================================
C:/Users/20002890/FreeRTOS_HelloWorld/FreeRTOS_HelloWorld/deps/TARGET_CY8CPROTO-062-4343W.mtb was updated
C:/Users/20002890/FreeRTOS_HelloWorld/FreeRTOS_HelloWorld/deps/retarget-io.mtb was updated

==============================================================================
= Getting Dependencies for "FreeRTOS_HelloWorld" =
==============================================================================
C:/Users/20002890/ModusToolbox/tools_2.4/modus-shell/bin/make.exe getlibs CY_TOOLS_PATHS=C:/Users/20002890/ModusToolbox/tools_2.4
Tools Directory: C:/Users/20002890/ModusToolbox/tools_2.4

==============================================================================
= Importing libraries =
==============================================================================
Git is git version 2.33.0, found at /usr/bin/git

Resolving dependencies...
Checking if remote manifest is accessible...
Getting manifests from remote server...
Processing super-manifest https://github.com/cypresssemiconductorco/mtb-super-manifest/raw/v2.X/mtb-super-manifest-fv2.xml...
Successfully acquired the information.
INFO - Warning: Multiple versions of "core-make" requested. Keeping version "latest-v1.X" and discarding version "release-v1.9.0".
C:/Users/20002890/FreeRTOS_HelloWorld/FreeRTOS_HelloWorld/libs/capsense.mtb was added
C:/Users/20002890/FreeRTOS_HelloWorld/FreeRTOS_HelloWorld/libs/core-lib.mtb was added
C:/Users/20002890/FreeRTOS_HelloWorld/FreeRTOS_HelloWorld/libs/core-make.mtb was added
C:/Users/20002890/FreeRTOS_HelloWorld/FreeRTOS_HelloWorld/libs/mtb-hal-cat1.mtb was added
C:/Users/20002890/FreeRTOS_HelloWorld/FreeRTOS_HelloWorld/libs/mtb-pdl-cat1.mtb was added
C:/Users/20002890/FreeRTOS_HelloWorld/FreeRTOS_HelloWorld/libs/psoc6cm0p.mtb was added
C:/Users/20002890/FreeRTOS_HelloWorld/FreeRTOS_HelloWorld/libs/recipe-make-cat1a.mtb was added
Dependencies resolved.

Searching application directory (.mtb)...
Found 9 .mtb file(s)
    Processing file "C:/Users/20002890/FreeRTOS_HelloWorld/FreeRTOS_HelloWorld/deps/TARGET_CY8CPROTO-062-4343W.mtb"
    Processing file "C:/Users/20002890/FreeRTOS_HelloWorld/FreeRTOS_HelloWorld/deps/retarget-io.mtb"
    Processing file "C:/Users/20002890/FreeRTOS_HelloWorld/FreeRTOS_HelloWorld/libs/capsense.mtb"
    Processing file "C:/Users/20002890/FreeRTOS_HelloWorld/FreeRTOS_HelloWorld/libs/core-lib.mtb"
    Processing file "C:/Users/20002890/FreeRTOS_HelloWorld/FreeRTOS_HelloWorld/libs/core-make.mtb"
    Processing file "C:/Users/20002890/FreeRTOS_HelloWorld/FreeRTOS_HelloWorld/libs/mtb-hal-cat1.mtb"
    Processing file "C:/Users/20002890/FreeRTOS_HelloWorld/FreeRTOS_HelloWorld/libs/mtb-pdl-cat1.mtb"
    Processing file "C:/Users/20002890/FreeRTOS_HelloWorld/FreeRTOS_HelloWorld/libs/psoc6cm0p.mtb"
    Processing file "C:/Users/20002890/FreeRTOS_HelloWorld/FreeRTOS_HelloWorld/libs/recipe-make-cat1a.mtb"
Libraries processed.
Created file "C:/Users/20002890/FreeRTOS_HelloWorld/FreeRTOS_HelloWorld/libs/mtb.mk".


==============================================================================
= Import complete =
==============================================================================

Project "FreeRTOS_HelloWorld" created successfully.
==============================================================================
= Export "FreeRTOS_HelloWorld" application to Eclipse IDE for ModusToolbox™ =
==============================================================================
C:/Users/20002890/ModusToolbox/tools_2.4/modus-shell/bin/make.exe eclipse CY_IDE_PRJNAME=FreeRTOS_HelloWorld CY_MAKE_IDE=eclipse CY_MAKE_IDE_VERSION=2.4 CY_TOOLS_PATHS=C:/Users/20002890/ModusToolbox/tools_2.4
Tools Directory: C:/Users/20002890/ModusToolbox/tools_2.4
CY8CPROTO-062-4343W.mk: ./libs/TARGET_CY8CPROTO-062-4343W/CY8CPROTO-062-4343W.mk

Running device-configurator to update stale files...
Log file= "C:/Users/20002890/AppData/Local/Temp/device-configurator-cli/device-configurator-cli-20220927.212225.451-17888.log"
Command line= "C:/Users/20002890/ModusToolbox/tools_2.4/device-configurator/device-configurator-cli.exe --library ../mtb_shared/mtb-pdl-cat1/release-v2.4.1/devicesupport.xml --build ./libs/TARGET_CY8CPROTO-062-4343W/COMPONENT_BSP_DESIGN_MODUS/design.modus --check-mcu=CY8C624ABZI-S2D44 --check-coprocessors=CYW4343WKUBG --readonly"
-> Generated device configuration file(s) in ./libs/TARGET_CY8CPROTO-062-4343W/COMPONENT_BSP_DESIGN_MODUS/GeneratedSource

Prebuild operations complete
Commencing build operations...

Tools Directory: C:/Users/20002890/ModusToolbox/tools_2.4
CY8CPROTO-062-4343W.mk: ./libs/TARGET_CY8CPROTO-062-4343W/CY8CPROTO-062-4343W.mk

Initializing build: mtb-example-psoc6-hello-world Debug CY8CPROTO-062-4343W GCC_ARM

Auto-discovery in progress...
-> Found 225 .c file(s)
-> Found 46 .S file(s)
-> Found 22 .s file(s)
-> Found 0 .cpp file(s)
-> Found 0 .o file(s)
-> Found 6 .a file(s)
-> Found 583 .h file(s)
-> Found 0 .hpp file(s)
-> Found 0 resource file(s)
Applying filters...
Auto-discovery complete

Constructing build rules...
Build rules construction complete

==============================================================================
= Generating IDE files =
==============================================================================

Generated Eclipse launch config files:  "FreeRTOS_HelloWorld Attach (JLink).launch" "FreeRTOS_HelloWorld Attach (KitProg3_MiniProg4).launch" "FreeRTOS_HelloWorld Debug (JLink).launch" "FreeRTOS_HelloWorld Debug (KitProg3_MiniProg4).launch" "FreeRTOS_HelloWorld Erase (JLink).launch" "FreeRTOS_HelloWorld Erase (KitProg3_MiniProg4).launch" "FreeRTOS_HelloWorld Program (JLink).launch" "FreeRTOS_HelloWorld Program (KitProg3_MiniProg4).launch"
  
The project "FreeRTOS_HelloWorld" was successfully exported to Eclipse IDE for ModusToolbox™.

Successfully created and exported "FreeRTOS_HelloWorld" application.
